User/app/build/intermediates/manifest_merge_blame_file/debug/manifest-merger-blame-debug-report.txt
1<?xml version="1.0" encoding="utf-8"?>
2<manifest xmlns:android="http://schemas.android.com/apk/res/android"
3    package="com.example.parkirin"
4    android:versionCode="1"
5    android:versionName="1.0" >
6
7    <uses-sdk
8        android:minSdkVersion="21"
8-->src\main\AndroidManifest.xml
9        android:targetSdkVersion="29" />
9-->src\main\AndroidManifest.xml
10
11    <uses-permission android:name="android.permission.ACCESS_FINE_LOCATION" />
11-->src\main\AndroidManifest.xml:5:5-79
11-->src\main\AndroidManifest.xml:5:22-76
12    <uses-permission android:name="android.permission.ACCESS_COARSE_LOCATION" />
12-->src\main\AndroidManifest.xml:6:5-81
12-->src\main\AndroidManifest.xml:6:22-78
13    <uses-permission android:name="android.permission.INTERNET" />
13-->src\main\AndroidManifest.xml:7:5-67
13-->src\main\AndroidManifest.xml:7:22-64
14
15    <uses-feature
15-->src\main\AndroidManifest.xml:9:5-11:35
16        android:glEsVersion="0x00020000"
16-->src\main\AndroidManifest.xml:10:9-41
17        android:required="true" />
17-->src\main\AndroidManifest.xml:11:9-32
18
19    <!-- Although the *SdkVersion is captured in gradle build files, this is required for non gradle builds -->
20    <!-- <uses-sdk android:minSdkVersion="14"/> -->
21    <uses-permission android:name="android.permission.ACCESS_NETWORK_STATE" />
21-->[com.google.firebase:firebase-database:17.0.0] AndroidManifest.xml:25:5-79
21-->[com.google.firebase:firebase-database:17.0.0] AndroidManifest.xml:25:22-76
22    <uses-permission android:name="android.permission.WAKE_LOCK" /> <!-- Required by older versions of Google Play services to create IID tokens -->
22-->[com.google.android.gms:play-services-measurement-api:16.4.0] AndroidManifest.xml:24:5-68
22-->[com.google.android.gms:play-services-measurement-api:16.4.0] AndroidManifest.xml:24:22-65
23    <uses-permission android:name="com.google.android.c2dm.permission.RECEIVE" />
23-->[com.google.firebase:firebase-iid:17.0.3] AndroidManifest.xml:26:5-82
23-->[com.google.firebase:firebase-iid:17.0.3] AndroidManifest.xml:26:22-79
24    <uses-permission android:name="com.google.android.finsky.permission.BIND_GET_INSTALL_REFERRER_SERVICE" />
24-->[com.google.android.gms:play-services-measurement:16.4.0] AndroidManifest.xml:26:5-110
24-->[com.google.android.gms:play-services-measurement:16.4.0] AndroidManifest.xml:26:22-107
25
26    <application
26-->src\main\AndroidManifest.xml:13:5-51:19
27        android:allowBackup="true"
27-->src\main\AndroidManifest.xml:14:9-35
28        android:appComponentFactory="androidx.core.app.CoreComponentFactory"
28-->[androidx.core:core:1.1.0] AndroidManifest.xml:24:18-86
29        android:debuggable="true"
30        android:icon="@mipmap/ic_launcherlogoparkirin_foreground"
30-->src\main\AndroidManifest.xml:15:9-66
31        android:label="ParkirIn"
31-->src\main\AndroidManifest.xml:16:9-33
32        android:roundIcon="@mipmap/ic_launcher_round"
32-->src\main\AndroidManifest.xml:17:9-54
33        android:supportsRtl="true"
33-->src\main\AndroidManifest.xml:18:9-35
34        android:testOnly="true"
35        android:theme="@style/AppTheme" >
35-->src\main\AndroidManifest.xml:19:9-40
36        <activity android:name="com.example.parkirin.pembayaranberhasil" />
36-->src\main\AndroidManifest.xml:20:9-65
36-->src\main\AndroidManifest.xml:20:19-53
37        <activity android:name="com.example.parkirin.RegisterActivity" />
37-->src\main\AndroidManifest.xml:21:9-54
37-->src\main\AndroidManifest.xml:21:19-51
38        <activity android:name="com.example.parkirin.LoginActivity" >
38-->src\main\AndroidManifest.xml:22:9-28:20
38-->src\main\AndroidManifest.xml:22:19-48
39            <intent-filter>
39-->src\main\AndroidManifest.xml:23:13-27:29
40                <action android:name="android.intent.action.MAIN" />
40-->src\main\AndroidManifest.xml:24:17-69
40-->src\main\AndroidManifest.xml:24:25-66
41
42                <category android:name="android.intent.category.LAUNCHER" />
42-->src\main\AndroidManifest.xml:26:17-77
42-->src\main\AndroidManifest.xml:26:27-74
43            </intent-filter>
44        </activity>
45        <activity android:name="com.example.parkirin.EditPassActivity" />
45-->src\main\AndroidManifest.xml:29:9-54
45-->src\main\AndroidManifest.xml:29:19-51
46        <activity
46-->src\main\AndroidManifest.xml:30:9-32:58
47            android:name="com.example.parkirin.historyActivity"
47-->src\main\AndroidManifest.xml:31:13-44
48            android:parentActivityName="com.example.parkirin.MainActivity" />
48-->src\main\AndroidManifest.xml:32:13-55
49        <activity android:name="com.example.parkirin.EditProfileActivity" />
49-->src\main\AndroidManifest.xml:33:9-57
49-->src\main\AndroidManifest.xml:33:19-54
50        <activity android:name="com.example.parkirin.TransActivity" />
50-->src\main\AndroidManifest.xml:34:9-51
50-->src\main\AndroidManifest.xml:34:19-48
51        <activity android:name="com.example.parkirin.DetailTransaksi" />
51-->src\main\AndroidManifest.xml:35:9-53
51-->src\main\AndroidManifest.xml:35:19-50
52        <activity
52-->src\main\AndroidManifest.xml:36:9-38:58
53            android:name="com.example.parkirin.pemesananActivity"
53-->src\main\AndroidManifest.xml:37:13-46
54            android:parentActivityName="com.example.parkirin.MainActivity" />
54-->src\main\AndroidManifest.xml:38:13-55
55
56        <meta-data
56-->src\main\AndroidManifest.xml:40:9-42:47
57            android:name="com.google.android.geo.API_KEY"
57-->src\main\AndroidManifest.xml:41:13-58
58            android:value="@string/map_key" />
58-->src\main\AndroidManifest.xml:42:13-44
59
60        <activity android:name="com.example.parkirin.MainActivity" >
60-->src\main\AndroidManifest.xml:44:9-50:20
60-->src\main\AndroidManifest.xml:44:19-47
61            <intent-filter>
61-->src\main\AndroidManifest.xml:23:13-27:29
62                <action android:name="android.intent.action.MAIN" />
62-->src\main\AndroidManifest.xml:24:17-69
62-->src\main\AndroidManifest.xml:24:25-66
63
64                <category android:name="android.intent.category.LAUNCHER" />
64-->src\main\AndroidManifest.xml:26:17-77
64-->src\main\AndroidManifest.xml:26:27-74
65            </intent-filter>
66        </activity>
67
68        <service
68-->[com.google.firebase:firebase-database:17.0.0] AndroidManifest.xml:29:9-33:19
69            android:name="com.google.firebase.components.ComponentDiscoveryService"
69-->[com.google.firebase:firebase-database:17.0.0] AndroidManifest.xml:29:18-89
70            android:exported="false" >
70-->[com.google.firebase:firebase-auth:19.1.0] AndroidManifest.xml:35:13-37
71            <meta-data
71-->[com.google.firebase:firebase-database:17.0.0] AndroidManifest.xml:30:13-32:85
72                android:name="com.google.firebase.components:com.google.firebase.database.DatabaseRegistrar"
72-->[com.google.firebase:firebase-database:17.0.0] AndroidManifest.xml:31:17-109
73                android:value="com.google.firebase.components.ComponentRegistrar" />
73-->[com.google.firebase:firebase-database:17.0.0] AndroidManifest.xml:32:17-82
74            <meta-data
74-->[com.google.firebase:firebase-auth:19.1.0] AndroidManifest.xml:36:13-38:85
75                android:name="com.google.firebase.components:com.google.firebase.auth.FirebaseAuthRegistrar"
75-->[com.google.firebase:firebase-auth:19.1.0] AndroidManifest.xml:37:17-109
76                android:value="com.google.firebase.components.ComponentRegistrar" />
76-->[com.google.firebase:firebase-auth:19.1.0] AndroidManifest.xml:38:17-82
77            <meta-data
77-->[com.google.firebase:firebase-storage:17.0.0] AndroidManifest.xml:31:13-33:85
78                android:name="com.google.firebase.components:com.google.firebase.storage.StorageRegistrar"
78-->[com.google.firebase:firebase-storage:17.0.0] AndroidManifest.xml:32:17-107
79                android:value="com.google.firebase.components.ComponentRegistrar" />
79-->[com.google.firebase:firebase-storage:17.0.0] AndroidManifest.xml:33:17-82
80            <meta-data
80-->[com.google.android.gms:play-services-measurement-api:16.4.0] AndroidManifest.xml:30:13-32:85
81                android:name="com.google.firebase.components:com.google.firebase.analytics.connector.internal.AnalyticsConnectorRegistrar"
81-->[com.google.android.gms:play-services-measurement-api:16.4.0] AndroidManifest.xml:31:17-139
82                android:value="com.google.firebase.components.ComponentRegistrar" />
82-->[com.google.android.gms:play-services-measurement-api:16.4.0] AndroidManifest.xml:32:17-82
83            <meta-data
83-->[com.google.firebase:firebase-iid:17.0.3] AndroidManifest.xml:32:13-34:85
84                android:name="com.google.firebase.components:com.google.firebase.iid.Registrar"
84-->[com.google.firebase:firebase-iid:17.0.3] AndroidManifest.xml:33:17-96
85                android:value="com.google.firebase.components.ComponentRegistrar" />
85-->[com.google.firebase:firebase-iid:17.0.3] AndroidManifest.xml:34:17-82
86        </service> <!-- Needs to be explicitly declared on P+ -->
87        <uses-library
87-->[com.google.android.gms:play-services-maps:17.0.0] AndroidManifest.xml:33:9-35:40
88            android:name="org.apache.http.legacy"
88-->[com.google.android.gms:play-services-maps:17.0.0] AndroidManifest.xml:34:13-50
89            android:required="false" />
89-->[com.google.android.gms:play-services-maps:17.0.0] AndroidManifest.xml:35:13-37
90
91        <activity
91-->[com.google.firebase:firebase-auth:19.1.0] AndroidManifest.xml:24:9-31:50
92            android:name="com.google.firebase.auth.internal.FederatedSignInActivity"
92-->[com.google.firebase:firebase-auth:19.1.0] AndroidManifest.xml:25:13-85
93            android:excludeFromRecents="true"
93-->[com.google.firebase:firebase-auth:19.1.0] AndroidManifest.xml:26:13-46
94            android:exported="true"
94-->[com.google.firebase:firebase-auth:19.1.0] AndroidManifest.xml:27:13-36
95            android:launchMode="singleTask"
95-->[com.google.firebase:firebase-auth:19.1.0] AndroidManifest.xml:28:13-44
96            android:permission="com.google.firebase.auth.api.gms.permission.LAUNCH_FEDERATED_SIGN_IN"
96-->[com.google.firebase:firebase-auth:19.1.0] AndroidManifest.xml:29:13-102
97            android:theme="@android:style/Theme.Translucent.NoTitleBar" />
97-->[com.google.firebase:firebase-auth:19.1.0] AndroidManifest.xml:30:13-72
98
99        <receiver
99-->[com.google.firebase:firebase-iid:17.0.3] AndroidManifest.xml:37:9-44:20
100            android:name="com.google.firebase.iid.FirebaseInstanceIdReceiver"
100-->[com.google.firebase:firebase-iid:17.0.3] AndroidManifest.xml:38:13-78
101            android:exported="true"
101-->[com.google.firebase:firebase-iid:17.0.3] AndroidManifest.xml:39:13-36
102            android:permission="com.google.android.c2dm.permission.SEND" >
102-->[com.google.firebase:firebase-iid:17.0.3] AndroidManifest.xml:40:13-73
103            <intent-filter>
103-->[com.google.firebase:firebase-iid:17.0.3] AndroidManifest.xml:41:13-43:29
104                <action android:name="com.google.android.c2dm.intent.RECEIVE" />
104-->[com.google.firebase:firebase-iid:17.0.3] AndroidManifest.xml:42:17-81
104-->[com.google.firebase:firebase-iid:17.0.3] AndroidManifest.xml:42:25-78
105            </intent-filter>
106        </receiver>
107        <!--
108             FirebaseInstanceIdService performs security checks at runtime,
109             no need for explicit permissions despite exported="true"
110        -->
111        <service
111-->[com.google.firebase:firebase-iid:17.0.3] AndroidManifest.xml:50:9-56:19
112            android:name="com.google.firebase.iid.FirebaseInstanceIdService"
112-->[com.google.firebase:firebase-iid:17.0.3] AndroidManifest.xml:51:13-77
113            android:exported="true" >
113-->[com.google.firebase:firebase-iid:17.0.3] AndroidManifest.xml:52:13-36
114            <intent-filter android:priority="-500" >
114-->[com.google.firebase:firebase-iid:17.0.3] AndroidManifest.xml:53:13-55:29
114-->[com.google.firebase:firebase-iid:17.0.3] AndroidManifest.xml:53:28-51
115                <action android:name="com.google.firebase.INSTANCE_ID_EVENT" />
115-->[com.google.firebase:firebase-iid:17.0.3] AndroidManifest.xml:54:17-80
115-->[com.google.firebase:firebase-iid:17.0.3] AndroidManifest.xml:54:25-77
116            </intent-filter>
117        </service>
118
119        <activity
119-->[com.google.android.gms:play-services-base:17.1.0] AndroidManifest.xml:23:9-26:75
120            android:name="com.google.android.gms.common.api.GoogleApiActivity"
120-->[com.google.android.gms:play-services-base:17.1.0] AndroidManifest.xml:24:13-79
121            android:exported="false"
121-->[com.google.android.gms:play-services-base:17.1.0] AndroidManifest.xml:25:13-37
122            android:theme="@android:style/Theme.Translucent.NoTitleBar" />
122-->[com.google.android.gms:play-services-base:17.1.0] AndroidManifest.xml:26:13-72
123
124        <provider
124-->[com.google.firebase:firebase-common:19.0.0] AndroidManifest.xml:12:9-16:39
125            android:name="com.google.firebase.provider.FirebaseInitProvider"
125-->[com.google.firebase:firebase-common:19.0.0] AndroidManifest.xml:13:13-77
126            android:authorities="com.example.parkirin.firebaseinitprovider"
126-->[com.google.firebase:firebase-common:19.0.0] AndroidManifest.xml:14:13-72
127            android:exported="false"
127-->[com.google.firebase:firebase-common:19.0.0] AndroidManifest.xml:15:13-37
128            android:initOrder="100" />
128-->[com.google.firebase:firebase-common:19.0.0] AndroidManifest.xml:16:13-36
129
130        <receiver
130-->[com.google.android.gms:play-services-measurement:16.4.0] AndroidManifest.xml:29:9-33:20
131            android:name="com.google.android.gms.measurement.AppMeasurementReceiver"
131-->[com.google.android.gms:play-services-measurement:16.4.0] AndroidManifest.xml:30:13-85
132            android:enabled="true"
132-->[com.google.android.gms:play-services-measurement:16.4.0] AndroidManifest.xml:31:13-35
133            android:exported="false" >
133-->[com.google.android.gms:play-services-measurement:16.4.0] AndroidManifest.xml:32:13-37
134        </receiver>
135        <receiver
135-->[com.google.android.gms:play-services-measurement:16.4.0] AndroidManifest.xml:34:9-42:20
136            android:name="com.google.android.gms.measurement.AppMeasurementInstallReferrerReceiver"
136-->[com.google.android.gms:play-services-measurement:16.4.0] AndroidManifest.xml:35:13-100
137            android:enabled="true"
137-->[com.google.android.gms:play-services-measurement:16.4.0] AndroidManifest.xml:36:13-35
138            android:exported="true"
138-->[com.google.android.gms:play-services-measurement:16.4.0] AndroidManifest.xml:37:13-36
139            android:permission="android.permission.INSTALL_PACKAGES" >
139-->[com.google.android.gms:play-services-measurement:16.4.0] AndroidManifest.xml:38:13-69
140            <intent-filter>
140-->[com.google.android.gms:play-services-measurement:16.4.0] AndroidManifest.xml:39:13-41:29
141                <action android:name="com.android.vending.INSTALL_REFERRER" />
141-->[com.google.android.gms:play-services-measurement:16.4.0] AndroidManifest.xml:40:17-79
141-->[com.google.android.gms:play-services-measurement:16.4.0] AndroidManifest.xml:40:25-76
142            </intent-filter>
143        </receiver>
144
145        <service
145-->[com.google.android.gms:play-services-measurement:16.4.0] AndroidManifest.xml:44:9-47:40
146            android:name="com.google.android.gms.measurement.AppMeasurementService"
146-->[com.google.android.gms:play-services-measurement:16.4.0] AndroidManifest.xml:45:13-84
147            android:enabled="true"
147-->[com.google.android.gms:play-services-measurement:16.4.0] AndroidManifest.xml:46:13-35
148            android:exported="false" />
148-->[com.google.android.gms:play-services-measurement:16.4.0] AndroidManifest.xml:47:13-37
149        <service
149-->[com.google.android.gms:play-services-measurement:16.4.0] AndroidManifest.xml:48:9-52:72
150            android:name="com.google.android.gms.measurement.AppMeasurementJobService"
150-->[com.google.android.gms:play-services-measurement:16.4.0] AndroidManifest.xml:49:13-87
151            android:enabled="true"
151-->[com.google.android.gms:play-services-measurement:16.4.0] AndroidManifest.xml:50:13-35
152            android:exported="false"
152-->[com.google.android.gms:play-services-measurement:16.4.0] AndroidManifest.xml:51:13-37
153            android:permission="android.permission.BIND_JOB_SERVICE" />
153-->[com.google.android.gms:play-services-measurement:16.4.0] AndroidManifest.xml:52:13-69
154
155        <meta-data
155-->[com.google.android.gms:play-services-basement:17.0.0] AndroidManifest.xml:23:9-25:69
156            android:name="com.google.android.gms.version"
156-->[com.google.android.gms:play-services-basement:17.0.0] AndroidManifest.xml:24:13-58
157            android:value="@integer/google_play_services_version" />
157-->[com.google.android.gms:play-services-basement:17.0.0] AndroidManifest.xml:25:13-66
158    </application>
159
160</manifest>